Using pre-set license
Built from '2021.3/staging' branch; Version is '2021.3.18f1 (3129e69bc0c7) revision 3221990'; Using compiler version '192829333'; Build Type 'Release'
OS: 'Windows 11  (10.0.22621) 64bit Core' Language: 'en' Physical Memory: 16068 MB
BatchMode: 1, IsHumanControllingUs: 0, StartBugReporterOnCrash: 0, Is64bit: 1, IsPro: 1

COMMAND LINE ARGUMENTS:
C:\Program Files\Unity\Hub\Editor\2021.3.18f1\Editor\Unity.exe
-adb2
-batchMode
-noUpm
-name
AssetImportWorker0
-projectPath
C:/Unity Projects/MenuChallenge/MenuChallenge
-logFile
Logs/AssetImportWorker0.log
-srvPort
54200
Successfully changed project path to: C:/Unity Projects/MenuChallenge/MenuChallenge
C:/Unity Projects/MenuChallenge/MenuChallenge
[UnityMemory] Configuration Parameters - Can be set up in boot.config
    "memorysetup-bucket-allocator-granularity=16"
    "memorysetup-bucket-allocator-bucket-count=8"
    "memorysetup-bucket-allocator-block-size=33554432"
    "memorysetup-bucket-allocator-block-count=8"
    "memorysetup-main-allocator-block-size=16777216"
    "memorysetup-thread-allocator-block-size=16777216"
    "memorysetup-gfx-main-allocator-block-size=16777216"
    "memorysetup-gfx-thread-allocator-block-size=16777216"
    "memorysetup-cache-allocator-block-size=4194304"
    "memorysetup-typetree-allocator-block-size=2097152"
    "memorysetup-profiler-bucket-allocator-granularity=16"
    "memorysetup-profiler-bucket-allocator-bucket-count=8"
    "memorysetup-profiler-bucket-allocator-block-size=33554432"
    "memorysetup-profiler-bucket-allocator-block-count=8"
    "memorysetup-profiler-allocator-block-size=16777216"
    "memorysetup-profiler-editor-allocator-block-size=1048576"
    "memorysetup-temp-allocator-size-main=16777216"
    "memorysetup-job-temp-allocator-block-size=2097152"
    "memorysetup-job-temp-allocator-block-size-background=1048576"
    "memorysetup-job-temp-allocator-reduction-small-platforms=262144"
    "memorysetup-temp-allocator-size-background-worker=32768"
    "memorysetup-temp-allocator-size-job-worker=262144"
    "memorysetup-temp-allocator-size-preload-manager=33554432"
    "memorysetup-temp-allocator-size-nav-mesh-worker=65536"
    "memorysetup-temp-allocator-size-audio-worker=65536"
    "memorysetup-temp-allocator-size-cloud-worker=32768"
    "memorysetup-temp-allocator-size-gi-baking-worker=262144"
    "memorysetup-temp-allocator-size-gfx=262144"
Player connection [8692] Host "[IP] 10.10.0.194 [Port] 0 [Flags] 2 [Guid] 3715500283 [EditorId] 3715500283 [Version] 1048832 [Id] WindowsEditor(7,GreatBrick) [Debug] 1 [PackageName] WindowsEditor [ProjectName] Editor" joined multi-casting on [225.0.0.222:54997]...

Player connection [8692] Host "[IP] 10.10.0.194 [Port] 0 [Flags] 2 [Guid] 3715500283 [EditorId] 3715500283 [Version] 1048832 [Id] WindowsEditor(7,GreatBrick) [Debug] 1 [PackageName] WindowsEditor [ProjectName] Editor" joined alternative multi-casting on [225.0.0.222:34997]...

Refreshing native plugins compatible for Editor in 66.96 ms, found 4 plugins.
Preloading 0 native plugins for Editor in 0.00 ms.
Initialize engine version: 2021.3.18f1 (3129e69bc0c7)
[Subsystems] Discovering subsystems at path C:/Program Files/Unity/Hub/Editor/2021.3.18f1/Editor/Data/Resources/UnitySubsystems
[Subsystems] Discovering subsystems at path C:/Unity Projects/MenuChallenge/MenuChallenge/Assets
GfxDevice: creating device client; threaded=0; jobified=0
Direct3D:
    Version:  Direct3D 11.0 [level 11.1]
    Renderer: NVIDIA GeForce RTX 3070 Ti Laptop GPU (ID=0x24a0)
    Vendor:   NVIDIA
    VRAM:     8032 MB
    Driver:   31.0.15.3667
Initialize mono
Mono path[0] = 'C:/Program Files/Unity/Hub/Editor/2021.3.18f1/Editor/Data/Managed'
Mono path[1] = 'C:/Program Files/Unity/Hub/Editor/2021.3.18f1/Editor/Data/MonoBleedingEdge/lib/mono/unityjit-win32'
Mono config path = 'C:/Program Files/Unity/Hub/Editor/2021.3.18f1/Editor/Data/MonoBleedingEdge/etc'
Using monoOptions --debugger-agent=transport=dt_socket,embedding=1,server=y,suspend=n,address=127.0.0.1:56984
Begin MonoManager ReloadAssembly
Registering precompiled unity dll's ...
Register platform support module: C:/Program Files/Unity/Hub/Editor/2021.3.18f1/Editor/Data/PlaybackEngines/WindowsStandaloneSupport/UnityEditor.WindowsStandalone.Extensions.dll
Registered in 0.003815 seconds.
Native extension for WindowsStandalone target not found
Refreshing native plugins compatible for Editor in 57.58 ms, found 4 plugins.
Preloading 0 native plugins for Editor in 0.00 ms.
Mono: successfully reloaded assembly
- Completed reload, in  0.481 seconds
Domain Reload Profiling:
	ReloadAssembly (481ms)
		BeginReloadAssembly (58ms)
			ExecutionOrderSort (0ms)
			DisableScriptedObjects (0ms)
			BackupInstance (0ms)
			ReleaseScriptingObjects (0ms)
			CreateAndSetChildDomain (1ms)
		EndReloadAssembly (344ms)
			LoadAssemblies (56ms)
			RebuildTransferFunctionScriptingTraits (0ms)
			SetupTypeCache (77ms)
			ReleaseScriptCaches (0ms)
			RebuildScriptCaches (20ms)
			SetupLoadedEditorAssemblies (207ms)
				LogAssemblyErrors (0ms)
				InitializePlatformSupportModulesInManaged (6ms)
				SetLoadedEditorAssemblies (0ms)
				RefreshPlugins (58ms)
				BeforeProcessingInitializeOnLoad (1ms)
				ProcessInitializeOnLoadAttributes (107ms)
				ProcessInitializeOnLoadMethodAttributes (35ms)
				AfterProcessingInitializeOnLoad (0ms)
				EditorAssembliesLoaded (0ms)
			ExecutionOrderSort2 (0ms)
			AwakeInstancesAfterBackupRestoration (0ms)
Platform modules already initialized, skipping
Registering precompiled user dll's ...
Registered in 0.004401 seconds.
Begin MonoManager ReloadAssembly
Symbol file LoadedFromMemory doesn't match image C:\Unity Projects\MenuChallenge\MenuChallenge\Library\PackageCache\com.unity.visualscripting@1.8.0\Editor\VisualScripting.Core\Dependencies\YamlDotNet\Unity.VisualScripting.YamlDotNet.dll
Symbol file LoadedFromMemory doesn't match image C:\Unity Projects\MenuChallenge\MenuChallenge\Library\PackageCache\com.unity.visualscripting@1.8.0\Editor\VisualScripting.Core\Dependencies\DotNetZip\Unity.VisualScripting.IonicZip.dll
Native extension for WindowsStandalone target not found
Refreshing native plugins compatible for Editor in 55.00 ms, found 4 plugins.
Preloading 0 native plugins for Editor in 0.00 ms.
Mono: successfully reloaded assembly
- Completed reload, in  0.775 seconds
Domain Reload Profiling:
	ReloadAssembly (776ms)
		BeginReloadAssembly (79ms)
			ExecutionOrderSort (0ms)
			DisableScriptedObjects (4ms)
			BackupInstance (0ms)
			ReleaseScriptingObjects (0ms)
			CreateAndSetChildDomain (15ms)
		EndReloadAssembly (617ms)
			LoadAssemblies (63ms)
			RebuildTransferFunctionScriptingTraits (0ms)
			SetupTypeCache (165ms)
			ReleaseScriptCaches (0ms)
			RebuildScriptCaches (36ms)
			SetupLoadedEditorAssemblies (315ms)
				LogAssemblyErrors (0ms)
				InitializePlatformSupportModulesInManaged (3ms)
				SetLoadedEditorAssemblies (0ms)
				RefreshPlugins (55ms)
				BeforeProcessingInitializeOnLoad (61ms)
				ProcessInitializeOnLoadAttributes (166ms)
				ProcessInitializeOnLoadMethodAttributes (26ms)
				AfterProcessingInitializeOnLoad (4ms)
				EditorAssembliesLoaded (0ms)
			ExecutionOrderSort2 (0ms)
			AwakeInstancesAfterBackupRestoration (6ms)
Platform modules already initialized, skipping
========================================================================
Worker process is ready to serve import requests
Launched and connected shader compiler UnityShaderCompiler.exe after 0.04 seconds
Refreshing native plugins compatible for Editor in 0.43 ms, found 4 plugins.
Preloading 0 native plugins for Editor in 0.00 ms.
Unloading 3733 Unused Serialized files (Serialized files now loaded: 0)
Unloading 41 unused Assets / (228.8 KB). Loaded Objects now: 4186.
Memory consumption went from 142.6 MB to 142.3 MB.
Total: 2.471700 ms (FindLiveObjects: 0.208200 ms CreateObjectMapping: 0.094800 ms MarkObjects: 2.040000 ms  DeleteObjects: 0.128000 ms)

AssetImportParameters requested are different than current active one (requested -> active):
  custom:video-decoder-ogg-theora: a1e56fd34408186e4bbccfd4996cb3dc -> 
  custom:container-muxer-webm: aa71ff27fc2769a1b78a27578f13a17b -> 
  custom:container-demuxer-webm: 4f35f7cbe854078d1ac9338744f61a02 -> 
  custom:video-encoder-webm-vp8: eb34c28f22e8b96e1ab97ce403110664 -> 
  custom:video-codec-MediaFoundation-h265: 746d11721c4dcdbdad8f713fa42b33f4 -> 
  custom:audio-encoder-webm-vorbis: bf7c407c2cedff20999df2af8eb42d56 -> 
  custom:framework-win-MediaFoundation: 216162199b28c13a410421893ffa2e32 -> 
  custom:container-demuxer-ogg: 62fdf1f143b41e24485cea50d1cbac27 -> 
  custom:video-decoder-webm-vp8: 9c59270c3fd7afecdb556c50c9e8de78 -> 
  custom:audio-decoder-ogg-vorbis: bf7c407c2cedff20999df2af8eb42d56 -> 
========================================================================
Received Import Request.
  Time since last request: 57766.276055 seconds.
  path: Assets/Scenes/BattleHeart2.unity
  artifactKey: Guid(7e754d65baa6bf447b3b96ac6a7ffc97) Importer(815301076,1909f56bfc062723c751e8b465ee728b)
Start importing Assets/Scenes/BattleHeart2.unity using Guid(7e754d65baa6bf447b3b96ac6a7ffc97) Importer(815301076,1909f56bfc062723c751e8b465ee728b)  -> (artifact id: 'ba135c62f5727167df96db7aa6b88bde') in 0.019195 seconds 
========================================================================
Received Import Request.
  Time since last request: 2042.729702 seconds.
  path: Assets
  artifactKey: Guid(00000000000000001000000000000000) Importer(815301076,1909f56bfc062723c751e8b465ee728b)
Start importing Assets using Guid(00000000000000001000000000000000) Importer(815301076,1909f56bfc062723c751e8b465ee728b)  -> (artifact id: '79842766b460edbeab6a34051e857a80') in 0.021676 seconds 
========================================================================
Received Import Request.
  Time since last request: 5.148863 seconds.
  path: Assets/Sprites
  artifactKey: Guid(dd15f15cd57652445ac2f8548116b90c) Importer(815301076,1909f56bfc062723c751e8b465ee728b)
Start importing Assets/Sprites using Guid(dd15f15cd57652445ac2f8548116b90c) Importer(815301076,1909f56bfc062723c751e8b465ee728b)  -> (artifact id: 'fe49924330d8fc2d939aec10e6bc71fd') in 0.013201 seconds 
========================================================================
Received Import Request.
  Time since last request: 14.813267 seconds.
  path: Assets/Sprites/set-game-menu-selection-rpg-adventure-game-including-menu-level-selection-options.zip
  artifactKey: Guid(e0e3852727681814397daf53a939792f) Importer(815301076,1909f56bfc062723c751e8b465ee728b)
Start importing Assets/Sprites/set-game-menu-selection-rpg-adventure-game-including-menu-level-selection-options.zip using Guid(e0e3852727681814397daf53a939792f) Importer(815301076,1909f56bfc062723c751e8b465ee728b)  -> (artifact id: 'baacf06a6c28971b8701944f59e6055d') in 0.045299 seconds 
========================================================================
Received Import Request.
  Time since last request: 49.563458 seconds.
  path: Assets/Sprites/set-game-menu-selection-rpg-adventure-game-including-menu-level-selection-options
  artifactKey: Guid(b7303f686ae30474eb98f3afbcf7f6ea) Importer(815301076,1909f56bfc062723c751e8b465ee728b)
Start importing Assets/Sprites/set-game-menu-selection-rpg-adventure-game-including-menu-level-selection-options using Guid(b7303f686ae30474eb98f3afbcf7f6ea) Importer(815301076,1909f56bfc062723c751e8b465ee728b)  -> (artifact id: '9f82a498ca0c0787fe7c874a809a71d9') in 0.003913 seconds 
========================================================================
Received Import Request.
  Time since last request: 0.043910 seconds.
  path: Assets/Sprites/set-game-menu-selection-rpg-adventure-game-including-menu-level-selection-options/Nut_April_05.jpg
  artifactKey: Guid(a8ab0ef2ce2ed8f4a9aa92018d40b86a) Importer(815301076,1909f56bfc062723c751e8b465ee728b)
Start importing Assets/Sprites/set-game-menu-selection-rpg-adventure-game-including-menu-level-selection-options/Nut_April_05.jpg using Guid(a8ab0ef2ce2ed8f4a9aa92018d40b86a) Importer(815301076,1909f56bfc062723c751e8b465ee728b)  -> (artifact id: 'f4b27be06a02f12d390fc9e76644db10') in 0.248700 seconds 
========================================================================
Received Import Request.
  Time since last request: 170.548509 seconds.
  path: Assets/Sprites/set-game-menu-selection-rpg-adventure-game-including-menu-level-selection-options/sword.svg
  artifactKey: Guid(fe62f218b8bfd1748897cf1bd5d5b058) Importer(815301076,1909f56bfc062723c751e8b465ee728b)
Start importing Assets/Sprites/set-game-menu-selection-rpg-adventure-game-including-menu-level-selection-options/sword.svg using Guid(fe62f218b8bfd1748897cf1bd5d5b058) Importer(815301076,1909f56bfc062723c751e8b465ee728b)  -> (artifact id: '057e7de08de0007f1a2f3c048ca8f65d') in 0.020567 seconds 
========================================================================
Received Import Request.
  Time since last request: 122.963389 seconds.
  path: Assets/Sprites/set-game-menu-selection-rpg-adventure-game-including-menu-level-selection-options/250px-Ancient_2H_Sword_(item).png
  artifactKey: Guid(a96bcd4b8d899364d9aa480e8d106099) Importer(815301076,1909f56bfc062723c751e8b465ee728b)
Start importing Assets/Sprites/set-game-menu-selection-rpg-adventure-game-including-menu-level-selection-options/250px-Ancient_2H_Sword_(item).png using Guid(a96bcd4b8d899364d9aa480e8d106099) Importer(815301076,1909f56bfc062723c751e8b465ee728b)  -> (artifact id: '3e79c39b3027bd3fff4a646a98d8582f') in 0.058284 seconds 
========================================================================
Received Prepare
Registering precompiled user dll's ...
Registered in 0.007226 seconds.
Begin MonoManager ReloadAssembly
Symbol file LoadedFromMemory doesn't match image C:\Unity Projects\MenuChallenge\MenuChallenge\Library\PackageCache\com.unity.visualscripting@1.8.0\Editor\VisualScripting.Core\Dependencies\YamlDotNet\Unity.VisualScripting.YamlDotNet.dll
Symbol file LoadedFromMemory doesn't match image C:\Unity Projects\MenuChallenge\MenuChallenge\Library\PackageCache\com.unity.visualscripting@1.8.0\Editor\VisualScripting.Core\Dependencies\DotNetZip\Unity.VisualScripting.IonicZip.dll
Native extension for WindowsStandalone target not found
Refreshing native plugins compatible for Editor in 0.70 ms, found 4 plugins.
Preloading 0 native plugins for Editor in 0.00 ms.
Mono: successfully reloaded assembly
- Completed reload, in  0.935 seconds
Domain Reload Profiling:
	ReloadAssembly (936ms)
		BeginReloadAssembly (194ms)
			ExecutionOrderSort (0ms)
			DisableScriptedObjects (8ms)
			BackupInstance (0ms)
			ReleaseScriptingObjects (0ms)
			CreateAndSetChildDomain (91ms)
		EndReloadAssembly (659ms)
			LoadAssemblies (87ms)
			RebuildTransferFunctionScriptingTraits (0ms)
			SetupTypeCache (212ms)
			ReleaseScriptCaches (1ms)
			RebuildScriptCaches (39ms)
			SetupLoadedEditorAssemblies (294ms)
				LogAssemblyErrors (0ms)
				InitializePlatformSupportModulesInManaged (12ms)
				SetLoadedEditorAssemblies (1ms)
				RefreshPlugins (1ms)
				BeforeProcessingInitializeOnLoad (60ms)
				ProcessInitializeOnLoadAttributes (182ms)
				ProcessInitializeOnLoadMethodAttributes (33ms)
				AfterProcessingInitializeOnLoad (5ms)
				EditorAssembliesLoaded (0ms)
			ExecutionOrderSort2 (0ms)
			AwakeInstancesAfterBackupRestoration (8ms)
Platform modules already initialized, skipping
Refreshing native plugins compatible for Editor in 2.09 ms, found 4 plugins.
Preloading 0 native plugins for Editor in 0.00 ms.
Unloading 3741 Unused Serialized files (Serialized files now loaded: 0)
Unloading 41 unused Assets / (0.9 MB). Loaded Objects now: 4198.
Memory consumption went from 148.6 MB to 147.8 MB.
Total: 3.414700 ms (FindLiveObjects: 0.202500 ms CreateObjectMapping: 0.117600 ms MarkObjects: 2.732500 ms  DeleteObjects: 0.361400 ms)

AssetImportParameters requested are different than current active one (requested -> active):
  custom:video-decoder-ogg-theora: a1e56fd34408186e4bbccfd4996cb3dc -> 
  custom:container-muxer-webm: aa71ff27fc2769a1b78a27578f13a17b -> 
  custom:container-demuxer-webm: 4f35f7cbe854078d1ac9338744f61a02 -> 
  custom:video-encoder-webm-vp8: eb34c28f22e8b96e1ab97ce403110664 -> 
  custom:video-codec-MediaFoundation-h265: 746d11721c4dcdbdad8f713fa42b33f4 -> 
  custom:audio-encoder-webm-vorbis: bf7c407c2cedff20999df2af8eb42d56 -> 
  custom:framework-win-MediaFoundation: 216162199b28c13a410421893ffa2e32 -> 
  custom:container-demuxer-ogg: 62fdf1f143b41e24485cea50d1cbac27 -> 
  custom:video-decoder-webm-vp8: 9c59270c3fd7afecdb556c50c9e8de78 -> 
  custom:audio-decoder-ogg-vorbis: bf7c407c2cedff20999df2af8eb42d56 -> 
========================================================================
Received Import Request.
  Time since last request: 223.136298 seconds.
  path: Assets/Sprites/set-game-menu-selection-rpg-adventure-game-including-menu-level-selection-options/Nut_April_05.eps
  artifactKey: Guid(336d7d7085f10f34db0f2da44135fe79) Importer(815301076,1909f56bfc062723c751e8b465ee728b)
Start importing Assets/Sprites/set-game-menu-selection-rpg-adventure-game-including-menu-level-selection-options/Nut_April_05.eps using Guid(336d7d7085f10f34db0f2da44135fe79) Importer(815301076,1909f56bfc062723c751e8b465ee728b)  -> (artifact id: 'e46bf43a1edf1d0853a373f387f60409') in 0.032392 seconds 
========================================================================
Received Import Request.
  Time since last request: 35.446647 seconds.
  path: Assets/Sprites/EmbedBG1.png
  artifactKey: Guid(32f5670077048c946ac59bd62920f706) Importer(815301076,1909f56bfc062723c751e8b465ee728b)
Start importing Assets/Sprites/EmbedBG1.png using Guid(32f5670077048c946ac59bd62920f706) Importer(815301076,1909f56bfc062723c751e8b465ee728b)  -> (artifact id: '1efccfaed11f123460e28c8afa3717de') in 0.061495 seconds 
========================================================================
Received Import Request.
  Time since last request: 7.615535 seconds.
  path: Assets/Sprites/EmbedBG3.png
  artifactKey: Guid(c8873702547a4e3408c467941f0fa6c2) Importer(815301076,1909f56bfc062723c751e8b465ee728b)
Start importing Assets/Sprites/EmbedBG3.png using Guid(c8873702547a4e3408c467941f0fa6c2) Importer(815301076,1909f56bfc062723c751e8b465ee728b)  -> (artifact id: '24af9e9a3ab6a2a240fda2beb80563cb') in 0.030544 seconds 
========================================================================
Received Import Request.
  Time since last request: 720.826649 seconds.
  path: Assets/Sprites/Rim1.png
  artifactKey: Guid(de7138a643451de4db81f3a6ab2f5695) Importer(815301076,1909f56bfc062723c751e8b465ee728b)
Start importing Assets/Sprites/Rim1.png using Guid(de7138a643451de4db81f3a6ab2f5695) Importer(815301076,1909f56bfc062723c751e8b465ee728b)  -> (artifact id: 'a778b7e8beabb5cc89a62713a7860d84') in 0.030167 seconds 
========================================================================
Received Import Request.
  Time since last request: 145.052318 seconds.
  path: Assets/Sprites/Rim1.png
  artifactKey: Guid(de7138a643451de4db81f3a6ab2f5695) Importer(815301076,1909f56bfc062723c751e8b465ee728b)
Start importing Assets/Sprites/Rim1.png using Guid(de7138a643451de4db81f3a6ab2f5695) Importer(815301076,1909f56bfc062723c751e8b465ee728b)  -> (artifact id: '67ee54cbf8ee900d5ccc7bc26aed8cea') in 0.027329 seconds 
========================================================================
Received Import Request.
  Time since last request: 42.201719 seconds.
  path: Assets/Sprites/Rim1.png
  artifactKey: Guid(de7138a643451de4db81f3a6ab2f5695) Importer(815301076,1909f56bfc062723c751e8b465ee728b)
Start importing Assets/Sprites/Rim1.png using Guid(de7138a643451de4db81f3a6ab2f5695) Importer(815301076,1909f56bfc062723c751e8b465ee728b)  -> (artifact id: 'e09d4be2123e14cb0c313030c64d5261') in 0.010233 seconds 
========================================================================
Received Import Request.
  Time since last request: 146.839020 seconds.
  path: Assets/Sprites/Rim1.png
  artifactKey: Guid(de7138a643451de4db81f3a6ab2f5695) Importer(815301076,1909f56bfc062723c751e8b465ee728b)
Start importing Assets/Sprites/Rim1.png using Guid(de7138a643451de4db81f3a6ab2f5695) Importer(815301076,1909f56bfc062723c751e8b465ee728b)  -> (artifact id: '7a3d32b58ffe769e8a3b33c96847dc2b') in 0.032461 seconds 
========================================================================
Received Import Request.
  Time since last request: 259.270700 seconds.
  path: Assets/Sprites/Rim1.png
  artifactKey: Guid(de7138a643451de4db81f3a6ab2f5695) Importer(815301076,1909f56bfc062723c751e8b465ee728b)
Start importing Assets/Sprites/Rim1.png using Guid(de7138a643451de4db81f3a6ab2f5695) Importer(815301076,1909f56bfc062723c751e8b465ee728b)  -> (artifact id: '5abf77a85f9eb4a0fd0b397c05ca467d') in 0.018258 seconds 
========================================================================
Received Import Request.
  Time since last request: 213.521171 seconds.
  path: Assets/Sprites/Rim2.png
  artifactKey: Guid(77d0cd8896b92054098835767928c3b6) Importer(815301076,1909f56bfc062723c751e8b465ee728b)
Start importing Assets/Sprites/Rim2.png using Guid(77d0cd8896b92054098835767928c3b6) Importer(815301076,1909f56bfc062723c751e8b465ee728b)  -> (artifact id: '6e9be15d5c928ad7c0ae9faebbb1daac') in 0.029702 seconds 
========================================================================
Received Import Request.
  Time since last request: 35.280212 seconds.
  path: Assets/Sprites/Rim2.png
  artifactKey: Guid(77d0cd8896b92054098835767928c3b6) Importer(815301076,1909f56bfc062723c751e8b465ee728b)
Start importing Assets/Sprites/Rim2.png using Guid(77d0cd8896b92054098835767928c3b6) Importer(815301076,1909f56bfc062723c751e8b465ee728b)  -> (artifact id: '2771ff6d97ff8a73124285bb2e88566f') in 0.027521 seconds 
========================================================================
Received Import Request.
  Time since last request: 27.384240 seconds.
  path: Assets/Sprites/Rim2.png
  artifactKey: Guid(77d0cd8896b92054098835767928c3b6) Importer(815301076,1909f56bfc062723c751e8b465ee728b)
Start importing Assets/Sprites/Rim2.png using Guid(77d0cd8896b92054098835767928c3b6) Importer(815301076,1909f56bfc062723c751e8b465ee728b)  -> (artifact id: 'd1b406fa31aba2c940e53dbe7060a8b6') in 0.019993 seconds 
========================================================================
Received Import Request.
  Time since last request: 44.354140 seconds.
  path: Assets/Sprites/Rim2.png
  artifactKey: Guid(77d0cd8896b92054098835767928c3b6) Importer(815301076,1909f56bfc062723c751e8b465ee728b)
Start importing Assets/Sprites/Rim2.png using Guid(77d0cd8896b92054098835767928c3b6) Importer(815301076,1909f56bfc062723c751e8b465ee728b)  -> (artifact id: 'afe95a4fdcc1207c53ecdfe62ab1a8dc') in 0.020211 seconds 
========================================================================
Received Import Request.
  Time since last request: 182.135806 seconds.
  path: Assets/Sprites/Rim2.png
  artifactKey: Guid(77d0cd8896b92054098835767928c3b6) Importer(815301076,1909f56bfc062723c751e8b465ee728b)
Start importing Assets/Sprites/Rim2.png using Guid(77d0cd8896b92054098835767928c3b6) Importer(815301076,1909f56bfc062723c751e8b465ee728b)  -> (artifact id: 'd81ca35105b459f9822f5131d2617fa0') in 0.018508 seconds 
========================================================================
Received Import Request.
  Time since last request: 40.195962 seconds.
  path: Assets/Sprites/Rim2.png
  artifactKey: Guid(77d0cd8896b92054098835767928c3b6) Importer(815301076,1909f56bfc062723c751e8b465ee728b)
Start importing Assets/Sprites/Rim2.png using Guid(77d0cd8896b92054098835767928c3b6) Importer(815301076,1909f56bfc062723c751e8b465ee728b)  -> (artifact id: '68082b172a47351780f56215bd780b62') in 0.012636 seconds 
========================================================================
Received Import Request.
  Time since last request: 27.331681 seconds.
  path: Assets/Sprites/Rim1.png
  artifactKey: Guid(de7138a643451de4db81f3a6ab2f5695) Importer(815301076,1909f56bfc062723c751e8b465ee728b)
Start importing Assets/Sprites/Rim1.png using Guid(de7138a643451de4db81f3a6ab2f5695) Importer(815301076,1909f56bfc062723c751e8b465ee728b)  -> (artifact id: 'd059f36b1e829d70eae35db9070f06fa') in 0.016550 seconds 
========================================================================
Received Import Request.
  Time since last request: 135.738376 seconds.
  path: Assets/Sprites/Rim3.png
  artifactKey: Guid(41a8024ee15cc15449baab3f31a6ce11) Importer(815301076,1909f56bfc062723c751e8b465ee728b)
Start importing Assets/Sprites/Rim3.png using Guid(41a8024ee15cc15449baab3f31a6ce11) Importer(815301076,1909f56bfc062723c751e8b465ee728b)  -> (artifact id: 'ebcf52c2d2afb174eaca23afbe026400') in 0.033536 seconds 
========================================================================
Received Import Request.
  Time since last request: 23.584161 seconds.
  path: Assets/Sprites/Rim3.png
  artifactKey: Guid(41a8024ee15cc15449baab3f31a6ce11) Importer(815301076,1909f56bfc062723c751e8b465ee728b)
Start importing Assets/Sprites/Rim3.png using Guid(41a8024ee15cc15449baab3f31a6ce11) Importer(815301076,1909f56bfc062723c751e8b465ee728b)  -> (artifact id: '317ffe5fd6a3cb99530f003b7f0861c8') in 0.015707 seconds 
========================================================================
Received Import Request.
  Time since last request: 6.634861 seconds.
  path: Assets/Sprites/Rim3.png
  artifactKey: Guid(41a8024ee15cc15449baab3f31a6ce11) Importer(815301076,1909f56bfc062723c751e8b465ee728b)
Start importing Assets/Sprites/Rim3.png using Guid(41a8024ee15cc15449baab3f31a6ce11) Importer(815301076,1909f56bfc062723c751e8b465ee728b)  -> (artifact id: '2de314e3ea5b062ffacd3253822aafbe') in 0.032582 seconds 
========================================================================
Received Import Request.
  Time since last request: 12972.308258 seconds.
  path: Assets/Scenes/SampleScene.unity
  artifactKey: Guid(2cda990e2423bbf4892e6590ba056729) Importer(815301076,1909f56bfc062723c751e8b465ee728b)
Start importing Assets/Scenes/SampleScene.unity using Guid(2cda990e2423bbf4892e6590ba056729) Importer(815301076,1909f56bfc062723c751e8b465ee728b)  -> (artifact id: 'e24c38ded777c6eac716cf6ee885caa1') in 0.033745 seconds 
========================================================================
Received Import Request.
  Time since last request: 3.692279 seconds.
  path: Assets/Scenes/BattleHeart2.unity
  artifactKey: Guid(7e754d65baa6bf447b3b96ac6a7ffc97) Importer(815301076,1909f56bfc062723c751e8b465ee728b)
Start importing Assets/Scenes/BattleHeart2.unity using Guid(7e754d65baa6bf447b3b96ac6a7ffc97) Importer(815301076,1909f56bfc062723c751e8b465ee728b)  -> (artifact id: 'e0f51de4159c10f3298ae719aa9eea9c') in 0.015474 seconds 
========================================================================
Received Import Request.
  Time since last request: 10.344141 seconds.
  path: Assets/Scenes/BattleHeart2Start.unity
  artifactKey: Guid(7e754d65baa6bf447b3b96ac6a7ffc97) Importer(815301076,1909f56bfc062723c751e8b465ee728b)
Start importing Assets/Scenes/BattleHeart2Start.unity using Guid(7e754d65baa6bf447b3b96ac6a7ffc97) Importer(815301076,1909f56bfc062723c751e8b465ee728b)  -> (artifact id: 'f27d0217b2892320d896aa55892ad644') in 0.018077 seconds 
